生成启动时间为 2019/10/14 14:32:18。
     1>项目“E:\develop\EasyStreamClient\EasyStreamClient\EasyStreamClient.vcxproj”在节点 2 上(rebuild 个目标)。
     1>PrepareForBuild:
         正在创建目录“E:\develop\EasyStreamClient\Debug\”。
       InitializeBuildStatus:
         正在创建“Debug\EasyStreamClient.unsuccessfulbuild”，因为已指定“AlwaysCreate”。
       ClCompile:
         e:\VS\VS2008\VC\bin\CL.exe /c /ZI /nologo /W3 /WX- /Od /Oy- /D WIN32 /D _DEBUG /D _CONSOLE /D _UNICODE /D UNICODE /Gm /EHsc /RTC1 /MDd /GS /fp:precise /Zc:wchar_t /Zc:forScope /Yc"StdAfx.h" /Fp"Debug\EasyStreamClient.pch" /Fo"Debug\\" /Fd"Debug\vc100.pdb" /Gd /TP /analyze- /errorReport:prompt stdafx.cpp
         stdafx.cpp
         e:\VS\VS2008\VC\bin\CL.exe /c /ZI /nologo /W3 /WX- /Od /Oy- /D WIN32 /D _DEBUG /D _CONSOLE /D _UNICODE /D UNICODE /Gm /EHsc /RTC1 /MDd /GS /fp:precise /Zc:wchar_t /Zc:forScope /Yu"StdAfx.h" /Fp"Debug\EasyStreamClient.pch" /Fo"Debug\\" /Fd"Debug\vc100.pdb" /Gd /TP /analyze- /errorReport:prompt EasyStreamClient.cpp
         EasyStreamClient.cpp
       ManifestResourceCompile:
         C:\Program Files (x86)\Microsoft SDKs\Windows\v7.0A\bin\rc.exe /nologo /fo"Debug\EasyStreamClient.exe.embed.manifest.res" Debug\EasyStreamClient_manifest.rc 
       Link:
         e:\VS\VS2008\VC\bin\link.exe /ERRORREPORT:PROMPT /OUT:"E:\develop\EasyStreamClient\Debug\EasyStreamClient.exe" /INCREMENTAL /NOLOGO kernel32.lib user32.lib gdi32.lib winspool.lib comdlg32.lib advapi32.lib shell32.lib ole32.lib oleaut32.lib uuid.lib odbc32.lib odbccp32.lib /MANIFEST /ManifestFile:"Debug\EasyStreamClient.exe.intermediate.manifest" /MANIFESTUAC:"level='asInvoker' uiAccess='false'" /DEBUG /PDB:"E:\develop\EasyStreamClient\Debug\EasyStreamClient.pdb" /SUBSYSTEM:CONSOLE /TLBID:1 /DYNAMICBASE /NXCOMPAT /IMPLIB:"E:\develop\EasyStreamClient\Debug\EasyStreamClient.lib" /MACHINE:X86 Debug\EasyStreamClient.exe.embed.manifest.res
         Debug\EasyStreamClient.obj
         Debug\stdafx.obj
       Manifest:
         正在删除文件“Debug\EasyStreamClient.exe.embed.manifest”。
         C:\Program Files (x86)\Microsoft SDKs\Windows\v7.0A\bin\mt.exe /nologo /verbose /out:"Debug\EasyStreamClient.exe.embed.manifest" /manifest Debug\EasyStreamClient.exe.intermediate.manifest
         C:\Program Files (x86)\Microsoft SDKs\Windows\v7.0A\bin\rc.exe /nologo /fo"Debug\EasyStreamClient.exe.embed.manifest.res" Debug\EasyStreamClient_manifest.rc 
       LinkEmbedManifest:
         e:\VS\VS2008\VC\bin\link.exe /ERRORREPORT:PROMPT /OUT:"E:\develop\EasyStreamClient\Debug\EasyStreamClient.exe" /INCREMENTAL /NOLOGO kernel32.lib user32.lib gdi32.lib winspool.lib comdlg32.lib advapi32.lib shell32.lib ole32.lib oleaut32.lib uuid.lib odbc32.lib odbccp32.lib /MANIFEST /ManifestFile:"Debug\EasyStreamClient.exe.intermediate.manifest" /MANIFESTUAC:"level='asInvoker' uiAccess='false'" /DEBUG /PDB:"E:\develop\EasyStreamClient\Debug\EasyStreamClient.pdb" /SUBSYSTEM:CONSOLE /TLBID:1 /DYNAMICBASE /NXCOMPAT /IMPLIB:"E:\develop\EasyStreamClient\Debug\EasyStreamClient.lib" /MACHINE:X86 Debug\EasyStreamClient.exe.embed.manifest.res
         Debug\EasyStreamClient.obj
         Debug\stdafx.obj
         EasyStreamClient.vcxproj -> E:\develop\EasyStreamClient\Debug\EasyStreamClient.exe
       FinalizeBuildStatus:
         正在删除文件“Debug\EasyStreamClient.unsuccessfulbuild”。
         正在对“Debug\EasyStreamClient.lastbuildstate”执行 Touch 任务。
     1>已完成生成项目“E:\develop\EasyStreamClient\EasyStreamClient\EasyStreamClient.vcxproj”(rebuild 个目标)的操作。

生成成功。

已用时间 00:00:00.97
