E:\DEVELOP\EASYSTREAMCLIENT\DEBUG\EASYSTREAMCLIENT.EXE
E:\DEVELOP\EASYSTREAMCLIENT\DEBUG\EASYSTREAMCLIENT.ILK
E:\DEVELOP\EASYSTREAMCLIENT\DEBUG\EASYSTREAMCLIENT.PDB
E:\DEVELOP\EASYSTREAMCLIENT\EASYSTREAMCLIENT\DEBUG\EASYSTREAMCLIENT.EXE.EMBED.MANIFEST
E:\DEVELOP\EASYSTREAMCLIENT\EASYSTREAMCLIENT\DEBUG\EASYSTREAMCLIENT.EXE.EMBED.MANIFEST.RES
E:\DEVELOP\EASYSTREAMCLIENT\EASYSTREAMCLIENT\DEBUG\EASYSTREAMCLIENT.EXE.INTERMEDIATE.MANIFEST
E:\DEVELOP\EASYSTREAMCLIENT\EASYSTREAMCLIENT\DEBUG\EASYSTREAMCLIENT.OBJ
E:\DEVELOP\EASYSTREAMCLIENT\EASYSTREAMCLIENT\DEBUG\EASYSTREAMCLIENT.PCH
E:\DEVELOP\EASYSTREAMCLIENT\EASYSTREAMCLIENT\DEBUG\STDAFX.OBJ
E:\DEVELOP\EASYSTREAMCLIENT\EASYSTREAMCLIENT\DEBUG\VC100.PDB
F:\workspace\EasyDarwin\EasyStreamClient\Debug\EasyStreamClient.pdb
F:\workspace\EasyDarwin\EasyStreamClient\EasyStreamClient\Debug\cl.command.1.tlog
F:\workspace\EasyDarwin\EasyStreamClient\EasyStreamClient\Debug\CL.read.1.tlog
F:\workspace\EasyDarwin\EasyStreamClient\EasyStreamClient\Debug\CL.write.1.tlog
F:\workspace\EasyDarwin\EasyStreamClient\EasyStreamClient\Debug\EasyStreamClient.exe.embed.manifest
F:\WORKSPACE\EASYDARWIN\EASYSTREAMCLIENT\EASYSTREAMCLIENT\DEBUG\EASYSTREAMCLIENT.EXE.EMBED.MANIFEST.RES
F:\workspace\EasyDarwin\EasyStreamClient\EasyStreamClient\Debug\EasyStreamClient.exe.intermediate.manifest
F:\workspace\EasyDarwin\EasyStreamClient\EasyStreamClient\Debug\EasyStreamClient.obj
F:\WORKSPACE\EASYDARWIN\EASYSTREAMCLIENT\EASYSTREAMCLIENT\DEBUG\EASYSTREAMCLIENT.PCH
F:\workspace\EasyDarwin\EasyStreamClient\EasyStreamClient\Debug\EasyStreamClient.vcxprojResolveAssemblyReference.cache
F:\workspace\EasyDarwin\EasyStreamClient\EasyStreamClient\Debug\EasyStreamClient.write.1.tlog
F:\workspace\EasyDarwin\EasyStreamClient\EasyStreamClient\Debug\EasyStreamClient_manifest.rc
F:\workspace\EasyDarwin\EasyStreamClient\EasyStreamClient\Debug\link.15884.read.1.tlog
F:\workspace\EasyDarwin\EasyStreamClient\EasyStreamClient\Debug\link.15884.write.1.tlog
F:\workspace\EasyDarwin\EasyStreamClient\EasyStreamClient\Debug\link.15884-cvtres.read.1.tlog
F:\workspace\EasyDarwin\EasyStreamClient\EasyStreamClient\Debug\link.15884-cvtres.write.1.tlog
F:\workspace\EasyDarwin\EasyStreamClient\EasyStreamClient\Debug\link.command.1.tlog
F:\workspace\EasyDarwin\EasyStreamClient\EasyStreamClient\Debug\link.read.1.tlog
F:\workspace\EasyDarwin\EasyStreamClient\EasyStreamClient\Debug\link.write.1.tlog
F:\workspace\EasyDarwin\EasyStreamClient\EasyStreamClient\Debug\link-cvtres.read.1.tlog
F:\workspace\EasyDarwin\EasyStreamClient\EasyStreamClient\Debug\link-cvtres.write.1.tlog
F:\WORKSPACE\EASYDARWIN\EASYSTREAMCLIENT\EASYSTREAMCLIENT\DEBUG\MAIN_EASYRTMP.OBJ
F:\workspace\EasyDarwin\EasyStreamClient\EasyStreamClient\Debug\mt.command.1.tlog
F:\workspace\EasyDarwin\EasyStreamClient\EasyStreamClient\Debug\mt.read.1.tlog
F:\workspace\EasyDarwin\EasyStreamClient\EasyStreamClient\Debug\mt.write.1.tlog
F:\workspace\EasyDarwin\EasyStreamClient\EasyStreamClient\Debug\rc.command.1.tlog
F:\workspace\EasyDarwin\EasyStreamClient\EasyStreamClient\Debug\rc.read.1.tlog
F:\workspace\EasyDarwin\EasyStreamClient\EasyStreamClient\Debug\rc.write.1.tlog
F:\WORKSPACE\EASYDARWIN\EASYSTREAMCLIENT\EASYSTREAMCLIENT\DEBUG\STDAFX.OBJ
F:\workspace\EasyDarwin\EasyStreamClient\EasyStreamClient\Debug\vc100.idb
F:\WORKSPACE\EASYDARWIN\EASYSTREAMCLIENT\EASYSTREAMCLIENT\DEBUG\VC100.PDB
