..\Bin\EasyStreamClient.ilk
..\Bin\EasyStreamClient.pdb
F:\WORKSPACE\EASYDARWIN\EASYSTREAMCLIENT\BIN\EASYSTREAMCLIENT.EXE
F:\WORKSPACE\EASYDARWIN\EASYSTREAMCLIENT\BIN\EASYSTREAMCLIENT.ILK
F:\WORKSPACE\EASYDARWIN\EASYSTREAMCLIENT\BIN\EASYSTREAMCLIENT.PDB
F:\workspace\EasyDarwin\EasyStreamClient\EasyStreamClient\..\Bin\EasyStreamClient.exe
F:\workspace\EasyDarwin\EasyStreamClient\EasyStreamClient\x64\Debug\cl.command.1.tlog
F:\workspace\EasyDarwin\EasyStreamClient\EasyStreamClient\x64\Debug\CL.read.1.tlog
F:\workspace\EasyDarwin\EasyStreamClient\EasyStreamClient\x64\Debug\CL.write.1.tlog
F:\WORKSPACE\EASYDARWIN\EASYSTREAMCLIENT\EASYSTREAMCLIENT\X64\DEBUG\EASYSTREAMCLIENT.EXE.EMBED.MANIFEST
F:\WORKSPACE\EASYDARWIN\EASYSTREAMCLIENT\EASYSTREAMCLIENT\X64\DEBUG\EASYSTREAMCLIENT.EXE.EMBED.MANIFEST.RES
F:\WORKSPACE\EASYDARWIN\EASYSTREAMCLIENT\EASYSTREAMCLIENT\X64\DEBUG\EASYSTREAMCLIENT.EXE.INTERMEDIATE.MANIFEST
F:\WORKSPACE\EASYDARWIN\EASYSTREAMCLIENT\EASYSTREAMCLIENT\X64\DEBUG\EASYSTREAMCLIENT.PCH
F:\workspace\EasyDarwin\EasyStreamClient\EasyStreamClient\x64\Debug\EasyStreamClient.vcxprojResolveAssemblyReference.cache
F:\workspace\EasyDarwin\EasyStreamClient\EasyStreamClient\x64\Debug\EasyStreamClient.write.1.tlog
F:\workspace\EasyDarwin\EasyStreamClient\EasyStreamClient\x64\Debug\EasyStreamClient_manifest.rc
F:\workspace\EasyDarwin\EasyStreamClient\EasyStreamClient\x64\Debug\link.24444.read.1.tlog
F:\workspace\EasyDarwin\EasyStreamClient\EasyStreamClient\x64\Debug\link.24444.write.1.tlog
F:\workspace\EasyDarwin\EasyStreamClient\EasyStreamClient\x64\Debug\link.24444-cvtres.read.1.tlog
F:\workspace\EasyDarwin\EasyStreamClient\EasyStreamClient\x64\Debug\link.24444-cvtres.write.1.tlog
F:\workspace\EasyDarwin\EasyStreamClient\EasyStreamClient\x64\Debug\link.command.1.tlog
F:\workspace\EasyDarwin\EasyStreamClient\EasyStreamClient\x64\Debug\link.read.1.tlog
F:\workspace\EasyDarwin\EasyStreamClient\EasyStreamClient\x64\Debug\link.write.1.tlog
F:\workspace\EasyDarwin\EasyStreamClient\EasyStreamClient\x64\Debug\link-cvtres.read.1.tlog
F:\workspace\EasyDarwin\EasyStreamClient\EasyStreamClient\x64\Debug\link-cvtres.write.1.tlog
F:\WORKSPACE\EASYDARWIN\EASYSTREAMCLIENT\EASYSTREAMCLIENT\X64\DEBUG\MAIN_EASYRTMP.OBJ
F:\workspace\EasyDarwin\EasyStreamClient\EasyStreamClient\x64\Debug\mt.command.1.tlog
F:\workspace\EasyDarwin\EasyStreamClient\EasyStreamClient\x64\Debug\mt.read.1.tlog
F:\workspace\EasyDarwin\EasyStreamClient\EasyStreamClient\x64\Debug\mt.write.1.tlog
F:\workspace\EasyDarwin\EasyStreamClient\EasyStreamClient\x64\Debug\rc.command.1.tlog
F:\workspace\EasyDarwin\EasyStreamClient\EasyStreamClient\x64\Debug\rc.read.1.tlog
F:\workspace\EasyDarwin\EasyStreamClient\EasyStreamClient\x64\Debug\rc.write.1.tlog
F:\WORKSPACE\EASYDARWIN\EASYSTREAMCLIENT\EASYSTREAMCLIENT\X64\DEBUG\STDAFX.OBJ
F:\workspace\EasyDarwin\EasyStreamClient\EasyStreamClient\x64\Debug\vc100.idb
F:\WORKSPACE\EASYDARWIN\EASYSTREAMCLIENT\EASYSTREAMCLIENT\X64\DEBUG\VC100.PDB
